<?xml version="1.0" encoding="UTF-8"?>
<!-- Generated by org.testng.reporters.JUnitReportReporter -->
<testsuite skipped="0" hostname="srikanth-PC" name="com.homepage.TS001_LoginCreadentialWithInvaliedData" tests="1" failures="0" timestamp="10 Dec 2017 14:14:01 GMT" time="4.724" errors="0">
  <testcase name="verifyLoginWithInvalidCredentails" time="4.724" classname="com.homepage.TS001_LoginCreadentialWithInvaliedData"/>
</testsuite> <!-- com.homepage.TS001_LoginCreadentialWithInvaliedData -->
