<?xml version="1.0" encoding="UTF-8"?>
<!-- Generated by org.testng.reporters.JUnitReportReporter -->
<testsuite skipped="0" hostname="srikanth-PC" name="com.homepage.TS002_UserRegistration" tests="2" failures="0" timestamp="06 Dec 2017 09:48:25 GMT" time="32.395" errors="0">
  <testcase name="userRegistration" time="25.184" classname="com.homepage.TS002_UserRegistration"/>
  <testcase name="testRegistrationWithInvaliedData" time="7.211" classname="com.homepage.TS002_UserRegistration"/>
</testsuite> <!-- com.homepage.TS002_UserRegistration -->
